==================================================================
= Multi Theft Auto: San Andreas v1.4.1
==================================================================
= Server name      : Default MTA Server
= Server IP address: 
= Server port      : 22003
= 
= Log file         : ../mta_server/mods/deathmatch/logs/server.log
= Maximum players  : 32
= HTTP port        : 22005
= Voice Chat       : Disabled
= Bandwidth saving : Medium
==================================================================
[2015-02-05 14:38:37] File 'settings.xml' not present, creating new node.
[2015-02-05 14:38:37] Starting resources...
[2015-02-05 14:38:37] ERROR: Couldn't find resource admin. Check it exists.
[2015-02-05 14:38:37] ERROR: Couldn't find resource defaultstats. Check it exists.
[2015-02-05 14:38:37] ERROR: Couldn't find resource helpmanager. Check it exists.
[2015-02-05 14:38:37] ERROR: Couldn't find resource joinquit. Check it exists.
[2015-02-05 14:38:37] ERROR: Couldn't find resource mapcycler. Check it exists.
[2015-02-05 14:38:37] ERROR: Couldn't find resource mapmanager. Check it exists.
[2015-02-05 14:38:37] ERROR: Couldn't find resource parachute. Check it exists.
[2015-02-05 14:38:37] ERROR: Couldn't find resource performancebrowser. Check it exists.
[2015-02-05 14:38:37] ERROR: Couldn't find resource resourcebrowser. Check it exists.
[2015-02-05 14:38:37] ERROR: Couldn't find resource resourcemanager. Check it exists.
[2015-02-05 14:38:37] ERROR: Couldn't find resource scoreboard. Check it exists.
[2015-02-05 14:38:37] ERROR: Couldn't find resource spawnmanager. Check it exists.
[2015-02-05 14:38:37] ERROR: Couldn't find resource voice. Check it exists.
[2015-02-05 14:38:37] ERROR: Couldn't find resource votemanager. Check it exists.
[2015-02-05 14:38:37] ERROR: Couldn't find resource webadmin. Check it exists.
[2015-02-05 14:38:37] ERROR: Couldn't find resource play. Check it exists.
[2015-02-05 14:38:37] Server started and is ready to accept connections!
[2015-02-05 14:38:37] To stop the server, type 'shutdown' or press Ctrl-C
[2015-02-05 14:38:37] Type 'help' for a list of commands.
[2015-02-05 14:38:38] Querying MTA master server... success! (Auto detected IP:213.138.83.118)
[2015-02-05 14:39:01] * Syntax: stop <resource-name>
[2015-02-05 14:39:06] SHUTDOWN: Got shutdown command from Console (No reason specified)
[2015-02-05 14:39:06] Server stopped!
[2015-02-05 14:39:07] Stopping resources...
[2015-02-05 14:39:07] Closing SQLite3 database
==================================================================
= Multi Theft Auto: San Andreas v1.4.1
==================================================================
= Server name      : Lost World Role Play
= Server IP address: 
= Server port      : 22003
= 
= Log file         : ../mta_server/mods/deathmatch/logs/server.log
= Maximum players  : 128
= HTTP port        : 22005
= Voice Chat       : Disabled
= Bandwidth saving : Medium
==================================================================
[2015-02-05 14:59:32] Compacting accounts database 'internal.db' ...
[2015-02-05 14:59:32] Compacting database 'registry.db' ...
[2015-02-05 14:59:32] Starting resources...
[2015-02-05 14:59:32] Server started and is ready to accept connections!
[2015-02-05 14:59:32] To stop the server, type 'shutdown' or press Ctrl-C
[2015-02-05 14:59:32] Type 'help' for a list of commands.
[2015-02-05 14:59:33] Querying MTA master server... success! (Auto detected IP:213.138.83.118)
[2015-02-05 15:02:29] addaccount: Added account 'Samuel' with password '24Svjatogor93'
[2015-02-05 15:02:29] ACCOUNTS: Console added account 'Samuel' with password '24Svjatogor93'
[2015-02-05 15:03:03] addaccount: Added account 'Bruno' with password '010473'
[2015-02-05 15:03:03] ACCOUNTS: Console added account 'Bruno' with password '010473'
[2015-02-05 15:04:05] SHUTDOWN: Got shutdown command from Console (No reason specified)
[2015-02-05 15:04:05] Server stopped!
[2015-02-05 15:04:06] Stopping resources...
[2015-02-05 15:04:06] Closing SQLite3 database
==================================================================
= Multi Theft Auto: San Andreas v1.4.1
==================================================================
= Server name      : Lost World Role Play
= Server IP address: 
= Server port      : 22003
= 
= Log file         : ../mta_server/mods/deathmatch/logs/server.log
= Maximum players  : 128
= HTTP port        : 22005
= Voice Chat       : Disabled
= Bandwidth saving : Medium
==================================================================
[2015-02-05 15:04:09] Starting resources...
[2015-02-05 15:04:09] Server started and is ready to accept connections!
[2015-02-05 15:04:09] To stop the server, type 'shutdown' or press Ctrl-C
[2015-02-05 15:04:09] Type 'help' for a list of commands.
[2015-02-05 15:04:10] Querying MTA master server... success! (Auto detected IP:213.138.83.118)
[2015-02-05 15:04:20] Server minclientversion is now 1.4.0-9.07032
[2015-02-05 15:04:20] CONNECT: Sam connected (IP: 192.168.0.76  Serial: EA5750CDA25CA8AE47DB1F70A35F2A93  Version: 1.4.1-9.07060.0)
[2015-02-05 15:04:23] JOIN: Sam joined the game (IP: 192.168.0.76)
[2015-02-05 15:04:47] LOGIN: (Admin, Everyone) Sam successfully logged in as 'Samuel' (IP: 192.168.0.76  Serial: EA5750CDA25CA8AE47DB1F70A35F2A93)
[2015-02-05 15:04:51] SCRIPT: Sam(Samuel) set his script debug mode to 3
[2015-02-05 15:10:36] QUIT: Sam left the game [Quit]
[2015-02-05 15:16:54] Server stopped!
[2015-02-05 15:16:55] Stopping resources...
[2015-02-05 15:16:55] Closing SQLite3 database
==================================================================
= Multi Theft Auto: San Andreas v1.4.1
==================================================================
= Server name      : Lost World Role Play
= Server IP address: 
= Server port      : 22003
= 
= Log file         : ../mta_server/mods/deathmatch/logs/server.log
= Maximum players  : 128
= HTTP port        : 22005
= Voice Chat       : Disabled
= Bandwidth saving : Medium
==================================================================
[2015-02-05 15:16:59] Resources: 1 loaded, 0 failed
[2015-02-05 15:16:59] Starting resources...
[2015-02-05 15:16:59] Server started and is ready to accept connections!
[2015-02-05 15:16:59] To stop the server, type 'shutdown' or press Ctrl-C
[2015-02-05 15:16:59] Type 'help' for a list of commands.
[2015-02-05 15:17:00] Querying MTA master server... success! (Auto detected IP:213.138.83.118)
[2015-02-05 15:17:11] start: Requested by Console
[2015-02-05 15:17:12] Starting lw
[2015-02-05 15:17:12] Server minclientversion is now 1.4.0-9.07032
[2015-02-05 15:17:12] start: Resource 'lw' started
[2015-02-05 15:17:53] CONNECT: Sam connected (IP: 192.168.0.76  Serial: EA5750CDA25CA8AE47DB1F70A35F2A93  Version: 1.4.1-9.07060.0)
[2015-02-05 15:17:56] JOIN: Sam joined the game (IP: 192.168.0.76)
[2015-02-05 15:18:19] LOGIN: (Admin, Everyone) Sam successfully logged in as 'Samuel' (IP: 192.168.0.76  Serial: EA5750CDA25CA8AE47DB1F70A35F2A93)
[2015-02-05 15:18:22] SCRIPT: Sam(Samuel) set his script debug mode to 3
[2015-02-05 15:19:28] restart: Requested by Sam(Samuel)
[2015-02-05 15:19:28] Stopping lw
[2015-02-05 15:19:29] Resource 'lw' changed, reloading and starting
[2015-02-05 15:19:29] Starting lw
[2015-02-05 15:19:29] lw restarted successfully
[2015-02-05 15:19:37] restart: Requested by Sam(Samuel)
[2015-02-05 15:19:37] Stopping lw
[2015-02-05 15:19:38] Starting lw
[2015-02-05 15:19:38] lw restarted successfully
[2015-02-05 15:28:26] SHUTDOWN: Got shutdown command from Console (No reason specified)
[2015-02-05 15:28:26] Server stopped!
[2015-02-05 15:28:27] Stopping resources....
[2015-02-05 15:28:27] Closing SQLite3 database
==================================================================
= Multi Theft Auto: San Andreas v1.4.1
==================================================================
= Server name      : Lost World Role Play
= Server IP address: 
= Server port      : 22003
= 
= Log file         : ../mta_server/mods/deathmatch/logs/server.log
= Maximum players  : 128
= HTTP port        : 22005
= Voice Chat       : Disabled
= Bandwidth saving : Medium
==================================================================
[2015-02-05 15:28:28] Resources: 1 loaded, 0 failed
[2015-02-05 15:28:28] Starting resources...
[2015-02-05 15:28:28] Server started and is ready to accept connections!
[2015-02-05 15:28:28] To stop the server, type 'shutdown' or press Ctrl-C
[2015-02-05 15:28:28] Type 'help' for a list of commands.
[2015-02-05 15:28:29] Querying MTA master server... success! (Auto detected IP:213.138.83.118)
[2015-02-05 15:28:41] Server stopped!
[2015-02-05 15:28:41] Stopping resources...
[2015-02-05 15:28:41] Closing SQLite3 database
==================================================================
= Multi Theft Auto: San Andreas v1.4.1
==================================================================
= Server name      : Lost World Role Play
= Server IP address: 
= Server port      : 22003
= 
= Log file         : ../mta_server/mods/deathmatch/logs/server.log
= Maximum players  : 128
= HTTP port        : 22005
= Voice Chat       : Disabled
= Bandwidth saving : Medium
==================================================================
[2015-02-05 15:33:12] Resources: 1 loaded, 0 failed
[2015-02-05 15:33:12] MODULE: Unable to load modules/mta_mysql.so (libmysqlclient.so.15: невозможно открыть разделяемый объектный файл: Нет такого файла или каталога)!
[2015-02-05 15:33:12] Starting resources...
[2015-02-05 15:33:12] Server started and is ready to accept connections!
[2015-02-05 15:33:12] To stop the server, type 'shutdown' or press Ctrl-C
[2015-02-05 15:33:12] Type 'help' for a list of commands.
[2015-02-05 15:33:13] Querying MTA master server... success! (Auto detected IP:213.138.83.118)
[2015-02-05 15:33:38] Server stopped!
[2015-02-05 15:33:39] Stopping resources...
[2015-02-05 15:33:39] Closing SQLite3 database
==================================================================
= Multi Theft Auto: San Andreas v1.4.1
==================================================================
= Server name      : Lost World Role Play
= Server IP address: 
= Server port      : 22003
= 
= Log file         : ../mta_server/mods/deathmatch/logs/server.log
= Maximum players  : 128
= HTTP port        : 22005
= Voice Chat       : Disabled
= Bandwidth saving : Medium
==================================================================
[2015-02-05 15:36:16] Resources: 1 loaded, 0 failed
[2015-02-05 15:36:16] MODULE: Unable to load modules/mta_mysql.so (libmysqlclient.so.15: невозможно открыть разделяемый объектный файл: Нет такого файла или каталога)!
[2015-02-05 15:36:16] Starting resources...
[2015-02-05 15:36:16] Server started and is ready to accept connections!
[2015-02-05 15:36:16] To stop the server, type 'shutdown' or press Ctrl-C
[2015-02-05 15:36:16] Type 'help' for a list of commands.
[2015-02-05 15:36:17] Querying MTA master server... success! (Auto detected IP:213.138.83.118)
[2015-02-05 15:36:48] Server stopped!
[2015-02-05 15:36:49] Stopping resources...
[2015-02-05 15:36:49] Closing SQLite3 database
==================================================================
= Multi Theft Auto: San Andreas v1.4.1
==================================================================
= Server name      : Lost World Role Play
= Server IP address: 
= Server port      : 22003
= 
= Log file         : ../mta_server/mods/deathmatch/logs/server.log
= Maximum players  : 128
= HTTP port        : 22005
= Voice Chat       : Disabled
= Bandwidth saving : Medium
==================================================================
[2015-02-05 15:38:06] Resources: 1 loaded, 0 failed
[2015-02-05 15:38:06] MODULE: Loaded "MySQL 5.0 database module" (0.50) by "Alberto Alonso <rydencillo@gmail.com>"
[2015-02-05 15:38:06] Starting resources...
[2015-02-05 15:38:06] Server started and is ready to accept connections!
[2015-02-05 15:38:06] To stop the server, type 'shutdown' or press Ctrl-C
[2015-02-05 15:38:06] Type 'help' for a list of commands.
[2015-02-05 15:38:07] Querying MTA master server... success! (Auto detected IP:213.138.83.118)
